[2024-06-11T21:08:03.487251000Z INFO cli::commands::deploy] =======New Deployment======
[2024-06-11T21:08:21.987453000Z INFO cli::lib::resources] serializing resources...
[2024-06-11T21:12:29.434075000Z INFO cli::commands::deploy] =======New Deployment======
[2024-06-11T21:12:29.436305000Z ERROR cli] PanicInfo { payload: Any { .. }, message: Some(Please ensure you have bq (biqquery utility tool installed)), location: Location { file: "src/lib/utilities.rs", line: 101, col: 19 }, can_unwind: true, force_no_backtrace: false }
[2024-06-11T21:35:27.763216000Z INFO cli::commands::deploy] =======New Deployment======
[2024-06-11T21:35:29.420483000Z INFO cli::lib::sigma] converting sigma detections...
[2024-06-11T21:35:29.692181000Z INFO cli::lib::sigma] Generated a direction directory at /Users/dmitriyivkov/IdeaProjects/Beaver/src/beav/detections/output/gcp_access_policy_deleted
[2024-06-11T21:35:29.692227000Z INFO cli::lib::detections_gen] generating aggregated detections...
[2024-06-11T21:35:29.700430000Z INFO cli::lib::bq] creating bq...
[2024-06-11T21:35:29.910453000Z ERROR cli::lib::bq] "ERROR: (bq) You do not currently have an active account selected.\nPlease run:\n\n  $ gcloud auth login\n\nto obtain new credentials.\n\nIf you have already logged in with a different account, run:\n\n  $ gcloud config set account ACCOUNT\n\nto select an already authenticated account to use.\n"
[2025-04-23T02:35:50.327022000Z INFO cli::commands::deploy] =======New Deployment======
[2025-04-23T02:35:53.794082000Z INFO cli::lib::sigma] converting sigma detections...
[2025-04-23T02:35:53.825656000Z ERROR cli::lib::sigma] /var/folders/v0/tllws09j6qnc4kds9pv97y6r0000gn/T/fsio_gQiRDCzPu7.sh: line 2: cd: src/beaver_config/detections/output: No such file or directory
/var/folders/v0/tllws09j6qnc4kds9pv97y6r0000gn/T/fsio_gQiRDCzPu7.sh: line 3: ../venv/bin/activate: No such file or directory

[2025-04-23T02:35:53.825765000Z INFO cli::lib::detections_gen] generating aggregated detections...
[2025-04-23T02:36:19.011184000Z INFO cli::commands::deploy] =======New Deployment======
[2025-04-23T02:36:19.786840000Z INFO cli::lib::sigma] converting sigma detections...
[2025-04-23T02:36:19.803764000Z ERROR cli::lib::sigma] /var/folders/v0/tllws09j6qnc4kds9pv97y6r0000gn/T/fsio_0WPJs08QJR.sh: line 2: cd: src/beaver_config/detections/output: No such file or directory
/var/folders/v0/tllws09j6qnc4kds9pv97y6r0000gn/T/fsio_0WPJs08QJR.sh: line 3: ../venv/bin/activate: No such file or directory

[2025-04-23T02:36:19.803869000Z INFO cli::lib::detections_gen] generating aggregated detections...
[2025-04-23T02:38:02.275662000Z INFO cli::commands::deploy] =======New Deployment======
[2025-04-23T02:38:09.114569000Z INFO cli::commands::deploy] =======New Deployment======
[2025-04-23T02:38:15.929244000Z INFO cli::commands::deploy] =======New Deployment======
[2025-04-23T02:41:59.551412000Z INFO cli::commands::deploy] =======New Deployment======
[2025-04-23T02:42:00.546001000Z INFO cli::lib::sigma] converting sigma detections...
[2025-04-23T02:42:00.554253000Z ERROR cli::lib::sigma] /var/folders/v0/tllws09j6qnc4kds9pv97y6r0000gn/T/fsio_xpsKSpEyoQ.sh: line 2: cd: src/beaver_config/detections/output: No such file or directory
/var/folders/v0/tllws09j6qnc4kds9pv97y6r0000gn/T/fsio_xpsKSpEyoQ.sh: line 3: ../venv/bin/activate: No such file or directory

[2025-04-23T02:42:00.554355000Z INFO cli::lib::detections_gen] generating aggregated detections...
[2025-04-23T02:42:06.766367000Z INFO cli::commands::deploy] =======New Deployment======
[2025-04-23T02:42:07.572215000Z INFO cli::lib::sigma] converting sigma detections...
[2025-04-23T02:42:07.589315000Z ERROR cli::lib::sigma] /var/folders/v0/tllws09j6qnc4kds9pv97y6r0000gn/T/fsio_gCtDZJISV7.sh: line 2: cd: src/beaver_config/detections/output: No such file or directory
/var/folders/v0/tllws09j6qnc4kds9pv97y6r0000gn/T/fsio_gCtDZJISV7.sh: line 3: ../venv/bin/activate: No such file or directory

[2025-04-23T02:43:24.216977000Z INFO cli::commands::deploy] =======New Deployment======
[2025-04-23T02:43:25.009696000Z INFO cli::lib::sigma] converting sigma detections...
[2025-04-23T02:43:25.027077000Z ERROR cli::lib::sigma] /var/folders/v0/tllws09j6qnc4kds9pv97y6r0000gn/T/fsio_JuPT0rWKtg.sh: line 2: cd: src/beaver_config/detections/output: No such file or directory
/var/folders/v0/tllws09j6qnc4kds9pv97y6r0000gn/T/fsio_JuPT0rWKtg.sh: line 3: ../venv/bin/activate: No such file or directory

[2025-04-23T02:43:25.027166000Z INFO cli::lib::detections_gen] generating aggregated detections...
[2025-04-23T02:49:16.388398000Z INFO cli::lib::resources] serializing resources...
[2025-04-23T02:54:12.864190000Z INFO cli::commands::deploy] =======New Deployment======
[2025-04-23T02:54:13.923642000Z INFO cli::lib::sigma] converting sigma detections...
[2025-04-23T02:54:13.960942000Z ERROR cli::lib::sigma] Traceback (most recent call last):
  File "/Users/dmitriyivkov/IdeaProjects/Beaver/src/conf/detections/output/../sigma_generate.py", line 3, in <module>
    from sigma.backends.matano import MatanoPythonBackend
ModuleNotFoundError: No module named 'sigma'

[2025-04-23T02:54:13.961034000Z INFO cli::lib::detections_gen] generating aggregated detections...
[2025-04-23T02:54:13.964621000Z INFO cli::lib::utilities] generating vector config...
[2025-04-23T02:54:13.965053000Z INFO cli::lib::gcs] uploading to bucket...
[2025-04-23T02:54:14.972160000Z ERROR cli::lib::utilities] "ERROR: (gcloud.storage.cp) The cp command does not support provider-only destination URLs.\n"
[2025-04-23T03:09:22.056510000Z INFO cli::commands::deploy] =======New Deployment======
[2025-04-23T03:09:23.108508000Z INFO cli::lib::sigma] converting sigma detections...
[2025-04-23T03:09:23.420258000Z INFO cli::lib::sigma] Generated a direction directory at /Users/dmitriyivkov/IdeaProjects/Beaver/src/conf/detections/output/gcp_access_policy_deleted
[2025-04-23T03:09:23.420365000Z INFO cli::lib::detections_gen] generating aggregated detections...
[2025-04-23T03:09:23.426382000Z INFO cli::lib::utilities] generating vector config...
[2025-04-23T03:09:23.426988000Z INFO cli::lib::gcs] uploading to bucket...
[2025-04-23T03:09:23.908063000Z ERROR cli::lib::utilities] "ERROR: (gcloud.storage.cp) The cp command does not support provider-only destination URLs.\n"
[2025-04-23T14:50:09.245794000Z INFO cli::commands::deploy] =======New Deployment======
[2025-04-23T14:50:10.291946000Z INFO cli::lib::sigma] converting sigma detections...
[2025-04-23T14:50:10.613620000Z INFO cli::lib::sigma] Generated a direction directory at /Users/dmitriyivkov/IdeaProjects/Beaver/src/conf/detections/output/gcp_access_policy_deleted
[2025-04-23T14:50:10.613722000Z INFO cli::lib::detections_gen] generating aggregated detections...
[2025-04-23T14:50:10.620427000Z INFO cli::lib::bq] creating bq...
[2025-04-23T14:50:14.150794000Z INFO cli::lib::bq] "Dataset 'neon-circle-400322:beaver_datalake_y4nz' successfully created.\n"
[2025-04-23T14:50:15.502088000Z INFO cli::lib::bq] "Table 'neon-circle-400322:beaver_datalake_y4nz.table1' successfully created.\n"
[2025-04-23T14:50:15.502125000Z INFO cli::lib::pubsub] creating pubsub...
[2025-04-23T14:50:23.578147000Z ERROR cli::lib::pubsub] "Created topic [projects/neon-circle-400322/topics/beaver_tpmiw0p3v].\n"
[2025-04-23T14:50:23.578196000Z INFO cli::lib::pubsub] ""
[2025-04-23T14:50:26.317200000Z ERROR cli::lib::pubsub] "Created subscription [projects/neon-circle-400322/subscriptions/beaver_whlmn78le].\n"
[2025-04-23T14:50:26.317239000Z INFO cli::lib::pubsub] ""
[2025-04-23T14:50:28.394471000Z ERROR cli::lib::pubsub] "Created subscription [projects/neon-circle-400322/subscriptions/beaver_aaxp0snw0].\n"
[2025-04-23T14:50:28.394523000Z INFO cli::lib::pubsub] ""
[2025-04-23T14:50:28.394532000Z INFO cli::lib::gcs] creating bucket...
[2025-04-23T14:50:29.753191000Z ERROR cli::lib::gcs] "Creating gs://beaver_saaanwfbu/...\n"
[2025-04-23T14:50:29.753233000Z INFO cli::lib::gcs] ""
[2025-04-23T14:50:29.753257000Z INFO cli::lib::utilities] generating vector config...
[2025-04-23T14:50:29.754259000Z INFO cli::lib::gcs] uploading to bucket...
[2025-04-23T14:50:31.239127000Z ERROR cli::lib::utilities] "Copying file://src/conf/artifacts/vector.yaml to gs://beaver_saaanwfbu/vector.yaml\n  \n....\n"
[2025-04-23T14:51:17.663405000Z INFO cli::commands::deploy] =======New Deployment======
[2025-04-23T14:51:18.436928000Z INFO cli::lib::sigma] converting sigma detections...
[2025-04-23T14:51:18.574778000Z INFO cli::lib::sigma] Generated a direction directory at /Users/dmitriyivkov/IdeaProjects/Beaver/src/conf/detections/output/gcp_access_policy_deleted
[2025-04-23T14:51:18.574875000Z INFO cli::lib::detections_gen] generating aggregated detections...
[2025-04-23T14:51:18.580343000Z INFO cli::lib::bq] creating bq...
[2025-04-23T14:51:20.432397000Z INFO cli::lib::bq] "Dataset 'neon-circle-400322:beaver_datalake_mkqc' successfully created.\n"
[2025-04-23T14:51:22.137726000Z INFO cli::lib::bq] "Table 'neon-circle-400322:beaver_datalake_mkqc.table1' successfully created.\n"
[2025-04-23T14:51:22.137776000Z INFO cli::lib::pubsub] creating pubsub...
[2025-04-23T14:51:24.439944000Z ERROR cli::lib::pubsub] "Created topic [projects/neon-circle-400322/topics/beaver_a9yqttxot].\n"
[2025-04-23T14:51:24.440235000Z INFO cli::lib::pubsub] ""
[2025-04-23T14:51:27.222750000Z ERROR cli::lib::pubsub] "Created subscription [projects/neon-circle-400322/subscriptions/beaver_sdqmvpr04].\n"
[2025-04-23T14:51:27.222803000Z INFO cli::lib::pubsub] ""
[2025-04-23T14:51:29.239480000Z ERROR cli::lib::pubsub] "Created subscription [projects/neon-circle-400322/subscriptions/beaver_wdasaissi].\n"
[2025-04-23T14:51:29.239523000Z INFO cli::lib::pubsub] ""
[2025-04-23T14:51:29.239533000Z INFO cli::lib::gcs] creating bucket...
[2025-04-23T14:51:30.585816000Z ERROR cli::lib::gcs] "Creating gs://beaver_uvtprreer/...\n"
[2025-04-23T14:51:30.585866000Z INFO cli::lib::gcs] ""
[2025-04-23T14:51:30.585905000Z INFO cli::lib::utilities] generating vector config...
[2025-04-23T14:51:30.587535000Z INFO cli::lib::gcs] uploading to bucket...
[2025-04-23T14:51:32.912655000Z ERROR cli::lib::utilities] "Copying file://src/conf/artifacts/vector.yaml to gs://beaver_uvtprreer/vector.yaml\n  \n........\n"
[2025-04-23T14:51:32.912692000Z INFO cli::lib::crs] creating vector...
[2025-04-23T14:55:46.528492000Z ERROR cli::lib::utilities] "Allow unauthenticated invocations to [beaver-vector-instance-xvx7] (y/N)?  \nDeploying container to Cloud Run service [\u{1b}[1mbeaver-vector-instance-xvx7\u{1b}[m] in project [\u{1b}[1mneon-circle-400322\u{1b}[m] region [\u{1b}[1mnorthamerica-northeast1\u{1b}[m]\nDeploying new service...\nCreating Revision....................................................................................................................................................................................................................................................................................................................................................................................................................................................................................................................................................................................................................................................................................................................................................................................................................................................................................................................................................................................................................................................................................................................................................................................................................................................................................................................................................................................................................................................................................................................................................................................................................................................................................................................................................................................................................................................................................................................................................................................................................................................................................................................................................................................................................................................................................................................................................................................................................................................................................................................failed\nDeployment failed\nERROR: (gcloud.run.deploy) Revision 'beaver-vector-instance-xvx7-00001-94v' is not ready and cannot serve traffic. The user-provided container failed to start and listen on the port defined provided by the PORT=8080 environment variable within the allocated timeout. This can happen when the container port is misconfigured or if the timeout is too short. The health check timeout can be extended. Logs for this revision might contain more information.\n\nLogs URL: https://console.cloud.google.com/logs/viewer?project=neon-circle-400322&resource=cloud_run_revision/service_name/beaver-vector-instance-xvx7/revision_name/beaver-vector-instance-xvx7-00001-94v&advancedFilter=resource.type%3D%22cloud_run_revision%22%0Aresource.labels.service_name%3D%22beaver-vector-instance-xvx7%22%0Aresource.labels.revision_name%3D%22beaver-vector-instance-xvx7-00001-94v%22 \nFor more troubleshooting guidance, see https://cloud.google.com/run/docs/troubleshooting#container-failed-to-start\n"
[2025-04-23T15:10:21.120586000Z INFO cli::commands::deploy] =======New Deployment======
[2025-04-23T15:10:22.155259000Z INFO cli::lib::sigma] converting sigma detections...
[2025-04-23T15:10:22.338837000Z INFO cli::lib::sigma] Generated a direction directory at /Users/dmitriyivkov/IdeaProjects/Beaver/src/conf/detections/output/gcp_access_policy_deleted
[2025-04-23T15:10:22.338931000Z INFO cli::lib::detections_gen] generating aggregated detections...
[2025-04-23T15:10:22.344587000Z INFO cli::lib::bq] creating bq...
[2025-04-23T15:10:24.346487000Z INFO cli::lib::bq] "Dataset 'neon-circle-400322:beaver_datalake_cezw' successfully created.\n"
[2025-04-23T15:10:25.908290000Z INFO cli::lib::bq] "Table 'neon-circle-400322:beaver_datalake_cezw.table1' successfully created.\n"
[2025-04-23T15:10:25.908327000Z INFO cli::lib::pubsub] creating pubsub...
[2025-04-23T15:10:28.217177000Z ERROR cli::lib::pubsub] "Created topic [projects/neon-circle-400322/topics/beaver_zgrwsqu9g].\n"
[2025-04-23T15:10:28.217217000Z INFO cli::lib::pubsub] ""
[2025-04-23T15:10:31.150552000Z ERROR cli::lib::pubsub] "Created subscription [projects/neon-circle-400322/subscriptions/beaver_lsqu2zsyg].\n"
[2025-04-23T15:10:31.150605000Z INFO cli::lib::pubsub] ""
[2025-04-23T15:10:33.089003000Z ERROR cli::lib::pubsub] "Created subscription [projects/neon-circle-400322/subscriptions/beaver_cfux3v4ab].\n"
[2025-04-23T15:10:33.089044000Z INFO cli::lib::pubsub] ""
[2025-04-23T15:10:33.089055000Z INFO cli::lib::gcs] creating bucket...
[2025-04-23T15:10:34.222696000Z ERROR cli::lib::gcs] "Creating gs://beaver_ofc7ngmre/...\n"
[2025-04-23T15:10:34.222745000Z INFO cli::lib::gcs] ""
[2025-04-23T15:10:34.222783000Z INFO cli::lib::utilities] generating vector config...
[2025-04-23T15:10:34.223862000Z INFO cli::lib::gcs] uploading to bucket...
[2025-04-23T15:10:35.513139000Z ERROR cli::lib::utilities] "Copying file://src/conf/artifacts/vector.yaml to gs://beaver_ofc7ngmre/vector.yaml\n  \n...\n"
[2025-04-23T15:10:35.513185000Z INFO cli::lib::crs] function unknown called at src/lib/crs.rs13
[2025-04-23T15:10:35.513194000Z INFO cli::lib::crs] creating vector...
[2025-04-23T15:14:42.905813000Z ERROR cli::lib::utilities] "Allow unauthenticated invocations to [beaver-vector-instance-yjqu] (y/N)?  \nDeploying container to Cloud Run service [\u{1b}[1mbeaver-vector-instance-yjqu\u{1b}[m] in project [\u{1b}[1mneon-circle-400322\u{1b}[m] region [\u{1b}[1mnorthamerica-northeast1\u{1b}[m]\nDeploying new service...\nCreating Revision...................................................................................................................................................................................................................................................................................................................................................................................................................................................................................................................................................................................................................................................................................................................................................................................................................................................................................................................................................................................................................................................................................................................................................................................................................................................................................................................................................................................................................................................................................................................................................................................................................................................................................................................................................................................................................................................................................................................................................................................................................................................................................................................................................................................................................................................................................................................................................................................................................................................................failed\nDeployment failed\nERROR: (gcloud.run.deploy) Revision 'beaver-vector-instance-yjqu-00001-6vj' is not ready and cannot serve traffic. The user-provided container failed to start and listen on the port defined provided by the PORT=8080 environment variable within the allocated timeout. This can happen when the container port is misconfigured or if the timeout is too short. The health check timeout can be extended. Logs for this revision might contain more information.\n\nLogs URL: https://console.cloud.google.com/logs/viewer?project=neon-circle-400322&resource=cloud_run_revision/service_name/beaver-vector-instance-yjqu/revision_name/beaver-vector-instance-yjqu-00001-6vj&advancedFilter=resource.type%3D%22cloud_run_revision%22%0Aresource.labels.service_name%3D%22beaver-vector-instance-yjqu%22%0Aresource.labels.revision_name%3D%22beaver-vector-instance-yjqu-00001-6vj%22 \nFor more troubleshooting guidance, see https://cloud.google.com/run/docs/troubleshooting#container-failed-to-start\n"
[2025-04-23T15:27:50.806141000Z INFO cli::commands::deploy] =======New Deployment======
[2025-04-23T15:27:51.987129000Z INFO cli::lib::sigma] converting sigma detections...
[2025-04-23T15:27:52.170608000Z INFO cli::lib::sigma] Generated a direction directory at /Users/dmitriyivkov/IdeaProjects/Beaver/src/conf/detections/output/gcp_access_policy_deleted
[2025-04-23T15:27:52.170709000Z INFO cli::lib::detections_gen] generating aggregated detections...
[2025-04-23T15:27:52.176380000Z INFO cli::lib::bq] creating bq...
[2025-04-23T15:27:54.033403000Z INFO cli::lib::bq] "Dataset 'neon-circle-400322:beaver_datalake_lfva' successfully created.\n"
[2025-04-23T15:27:55.463656000Z INFO cli::lib::bq] "Table 'neon-circle-400322:beaver_datalake_lfva.table1' successfully created.\n"
[2025-04-23T15:27:55.463705000Z INFO cli::lib::pubsub] creating pubsub...
[2025-04-23T15:27:57.904773000Z ERROR cli::lib::pubsub] "Created topic [projects/neon-circle-400322/topics/beaver_fcqggmvmv].\n"
[2025-04-23T15:27:57.904816000Z INFO cli::lib::pubsub] ""
[2025-04-23T15:28:00.606332000Z ERROR cli::lib::pubsub] "Created subscription [projects/neon-circle-400322/subscriptions/beaver_xhsakkqrd].\n"
[2025-04-23T15:28:00.606367000Z INFO cli::lib::pubsub] ""
[2025-04-23T15:28:02.678354000Z ERROR cli::lib::pubsub] "Created subscription [projects/neon-circle-400322/subscriptions/beaver_qrv11ogrn].\n"
[2025-04-23T15:28:02.678391000Z INFO cli::lib::pubsub] ""
[2025-04-23T15:28:02.678399000Z INFO cli::lib::gcs] creating bucket...
[2025-04-23T15:28:03.917746000Z ERROR cli::lib::gcs] "Creating gs://beaver_8a6utv6bd/...\n"
[2025-04-23T15:28:03.917773000Z INFO cli::lib::gcs] ""
[2025-04-23T15:28:03.917791000Z INFO cli::lib::utilities] generating vector config...
[2025-04-23T15:28:03.918633000Z INFO cli::lib::gcs] uploading to bucket...
[2025-04-23T15:28:05.397640000Z ERROR cli::lib::utilities] "Copying file://src/conf/artifacts/vector.yaml to gs://beaver_8a6utv6bd/vector.yaml\n  \n....\n"
[2025-04-23T15:28:05.397683000Z INFO cli::lib::crs] function fn() called at src/lib/crs.rs:13
[2025-04-23T15:28:05.397690000Z INFO cli::lib::crs] creating vector...
[2025-04-23T15:32:12.129733000Z ERROR cli::lib::utilities] "Deploying container to Cloud Run service [\u{1b}[1mbeaver-vector-instance-een6\u{1b}[m] in project [\u{1b}[1mneon-circle-400322\u{1b}[m] region [\u{1b}[1mnorthamerica-northeast1\u{1b}[m]\nDeploying new service...\nCreating Revision..........................................................................................................................................................................................................................................................................................................................................................................................................................................................................................................................................................................................................................................................................................................................................................................................................................................................................................................................................................................................................................................................................................................................................................................................................................................................................................................................................................................................................................................................................................................................................................................................................................................................................................................................................................................................................................................................................................................................................................................................................................................................................................................................................................................................................................................................................................................................................................................................................................................................................failed\nDeployment failed\nERROR: (gcloud.run.deploy) Revision 'beaver-vector-instance-een6-00001-pnx' is not ready and cannot serve traffic. The user-provided container failed to start and listen on the port defined provided by the PORT=8080 environment variable within the allocated timeout. This can happen when the container port is misconfigured or if the timeout is too short. The health check timeout can be extended. Logs for this revision might contain more information.\n\nLogs URL: https://console.cloud.google.com/logs/viewer?project=neon-circle-400322&resource=cloud_run_revision/service_name/beaver-vector-instance-een6/revision_name/beaver-vector-instance-een6-00001-pnx&advancedFilter=resource.type%3D%22cloud_run_revision%22%0Aresource.labels.service_name%3D%22beaver-vector-instance-een6%22%0Aresource.labels.revision_name%3D%22beaver-vector-instance-een6-00001-pnx%22 \nFor more troubleshooting guidance, see https://cloud.google.com/run/docs/troubleshooting#container-failed-to-start\n"
[2025-04-23T15:34:14.856716000Z INFO cli::commands::deploy] =======New Deployment======
[2025-04-23T15:34:15.878331000Z INFO cli::lib::sigma] converting sigma detections...
[2025-04-23T15:34:16.053085000Z INFO cli::lib::sigma] Generated a direction directory at /Users/dmitriyivkov/IdeaProjects/Beaver/src/conf/detections/output/gcp_access_policy_deleted
[2025-04-23T15:34:16.053188000Z INFO cli::lib::detections_gen] generating aggregated detections...
[2025-04-23T15:34:16.058854000Z INFO cli::lib::bq] creating bq...
[2025-04-23T15:34:18.089858000Z INFO cli::lib::bq] "Dataset 'neon-circle-400322:beaver_datalake_l2su' successfully created.\n"
[2025-04-23T15:34:19.725763000Z INFO cli::lib::bq] "Table 'neon-circle-400322:beaver_datalake_l2su.table1' successfully created.\n"
[2025-04-23T15:34:19.725814000Z INFO cli::lib::pubsub] creating pubsub...
[2025-04-23T15:34:22.842088000Z ERROR cli::lib::pubsub] "Created topic [projects/neon-circle-400322/topics/beaver_yf1f3oq8y].\n"
[2025-04-23T15:34:22.842136000Z INFO cli::lib::pubsub] ""
[2025-04-23T15:34:25.556557000Z ERROR cli::lib::pubsub] "Created subscription [projects/neon-circle-400322/subscriptions/beaver_9xwjcjxy6].\n"
[2025-04-23T15:34:25.556609000Z INFO cli::lib::pubsub] ""
[2025-04-23T15:34:27.650434000Z ERROR cli::lib::pubsub] "Created subscription [projects/neon-circle-400322/subscriptions/beaver_qkyocq6xp].\n"
[2025-04-23T15:34:27.650471000Z INFO cli::lib::pubsub] ""
[2025-04-23T15:34:27.650479000Z INFO cli::lib::gcs] creating bucket...
[2025-04-23T15:34:28.939098000Z ERROR cli::lib::gcs] "Creating gs://beaver_hxonxufae/...\n"
[2025-04-23T15:34:28.939154000Z INFO cli::lib::gcs] ""
[2025-04-23T15:34:28.939180000Z INFO cli::lib::utilities] generating vector config...
[2025-04-23T15:34:28.941016000Z INFO cli::lib::gcs] uploading to bucket...
[2025-04-23T15:34:30.230179000Z ERROR cli::lib::utilities] "Copying file://src/conf/artifacts/vector.yaml to gs://beaver_hxonxufae/vector.yaml\n  \n...\n"
[2025-04-23T15:34:30.230220000Z INFO cli::lib::crs] function fn() called at src/lib/crs.rs:13
[2025-04-23T15:34:30.230228000Z INFO cli::lib::crs] creating vector...
[2025-04-23T15:38:37.396076000Z ERROR cli::lib::utilities] "Deploying container to Cloud Run service [\u{1b}[1mbeaver-vector-instance-3smy\u{1b}[m] in project [\u{1b}[1mneon-circle-400322\u{1b}[m] region [\u{1b}[1mnorthamerica-northeast1\u{1b}[m]\nDeploying new service...\nSetting IAM Policy..............done\nCreating Revision.....................................................................................................................................................................................................................................................................................................................................................................................................................................................................................................................................................................................................................................................................................................................................................................................................................................................................................................................................................................................................................................................................................................................................................................................................................................................................................................................................................................................................................................................................................................................................................................................................................................................................................................................................................................................................................................................................................................................................................................................................................................................................................................................................................................................................................................................................................................................................................................................................................................................................failed\nDeployment failed\nERROR: (gcloud.run.deploy) Revision 'beaver-vector-instance-3smy-00001-7v8' is not ready and cannot serve traffic. The user-provided container failed to start and listen on the port defined provided by the PORT=8080 environment variable within the allocated timeout. This can happen when the container port is misconfigured or if the timeout is too short. The health check timeout can be extended. Logs for this revision might contain more information.\n\nLogs URL: https://console.cloud.google.com/logs/viewer?project=neon-circle-400322&resource=cloud_run_revision/service_name/beaver-vector-instance-3smy/revision_name/beaver-vector-instance-3smy-00001-7v8&advancedFilter=resource.type%3D%22cloud_run_revision%22%0Aresource.labels.service_name%3D%22beaver-vector-instance-3smy%22%0Aresource.labels.revision_name%3D%22beaver-vector-instance-3smy-00001-7v8%22 \nFor more troubleshooting guidance, see https://cloud.google.com/run/docs/troubleshooting#container-failed-to-start\n"
[2025-04-23T15:42:43.536107000Z ERROR cli::lib::utilities] "Deploying container to Cloud Run service [\u{1b}[1mbeaver-vector-instance-emro\u{1b}[m] in project [\u{1b}[1mneon-circle-400322\u{1b}[m] region [\u{1b}[1mnorthamerica-northeast1\u{1b}[m]\nDeploying new service...\nSetting IAM Policy..............done\nCreating Revision.......................................................................................................................................................................................................................................................................................................................................................................................................................................................................................................................................................................................................................................................................................................................................................................................................................................................................................................................................................................................................................................................................................................................................................................................................................................................................................................................................................................................................................................................................................................................................................................................................................................................................................................................................................................................................................................................................................................................................................................................................................................................................................................................................................................................................................................................................................................................................................................................................................................................failed\nDeployment failed\nERROR: (gcloud.run.deploy) Revision 'beaver-vector-instance-emro-00001-rfc' is not ready and cannot serve traffic. The user-provided container failed to start and listen on the port defined provided by the PORT=8080 environment variable within the allocated timeout. This can happen when the container port is misconfigured or if the timeout is too short. The health check timeout can be extended. Logs for this revision might contain more information.\n\nLogs URL: https://console.cloud.google.com/logs/viewer?project=neon-circle-400322&resource=cloud_run_revision/service_name/beaver-vector-instance-emro/revision_name/beaver-vector-instance-emro-00001-rfc&advancedFilter=resource.type%3D%22cloud_run_revision%22%0Aresource.labels.service_name%3D%22beaver-vector-instance-emro%22%0Aresource.labels.revision_name%3D%22beaver-vector-instance-emro-00001-rfc%22 \nFor more troubleshooting guidance, see https://cloud.google.com/run/docs/troubleshooting#container-failed-to-start\n"
[2025-04-23T15:46:51.356319000Z ERROR cli::lib::utilities] "Deploying container to Cloud Run service [\u{1b}[1mbeaver-vector-instance-uc9j\u{1b}[m] in project [\u{1b}[1mneon-circle-400322\u{1b}[m] region [\u{1b}[1mnorthamerica-northeast1\u{1b}[m]\nDeploying new service...\nSetting IAM Policy................done\nCreating Revision.......................................................................................................................................................................................................................................................................................................................................................................................................................................................................................................................................................................................................................................................................................................................................................................................................................................................................................................................................................................................................................................................................................................................................................................................................................................................................................................................................................................................................................................................................................................................................................................................................................................................................................................................................................................................................................................................................................................................................................................................................................................................................................................................................................................................................................................................................................................................................................................................................................................................................failed\nDeployment failed\nERROR: (gcloud.run.deploy) Revision 'beaver-vector-instance-uc9j-00001-ddl' is not ready and cannot serve traffic. The user-provided container failed to start and listen on the port defined provided by the PORT=8080 environment variable within the allocated timeout. This can happen when the container port is misconfigured or if the timeout is too short. The health check timeout can be extended. Logs for this revision might contain more information.\n\nLogs URL: https://console.cloud.google.com/logs/viewer?project=neon-circle-400322&resource=cloud_run_revision/service_name/beaver-vector-instance-uc9j/revision_name/beaver-vector-instance-uc9j-00001-ddl&advancedFilter=resource.type%3D%22cloud_run_revision%22%0Aresource.labels.service_name%3D%22beaver-vector-instance-uc9j%22%0Aresource.labels.revision_name%3D%22beaver-vector-instance-uc9j-00001-ddl%22 \nFor more troubleshooting guidance, see https://cloud.google.com/run/docs/troubleshooting#container-failed-to-start\n"
[2025-04-23T15:50:56.532312000Z ERROR cli::lib::utilities] "Deploying container to Cloud Run service [\u{1b}[1mbeaver-vector-instance-bvqs\u{1b}[m] in project [\u{1b}[1mneon-circle-400322\u{1b}[m] region [\u{1b}[1mnorthamerica-northeast1\u{1b}[m]\nDeploying new service...\nSetting IAM Policy.........................done\nCreating Revision........................................................................................................................................................................................................................................................................................................................................................................................................................................................................................................................................................................................................................................................................................................................................................................................................................................................................................................................................................................................................................................................................................................................................................................................................................................................................................................................................................................................................................................................................................................................................................................................................................................................................................................................................................................................................................................................................................................................................................................................................................................................................................................................................................................................................................................................................................................................................................................................................................................failed\nDeployment failed\nERROR: (gcloud.run.deploy) Revision 'beaver-vector-instance-bvqs-00001-vph' is not ready and cannot serve traffic. The user-provided container failed to start and listen on the port defined provided by the PORT=8080 environment variable within the allocated timeout. This can happen when the container port is misconfigured or if the timeout is too short. The health check timeout can be extended. Logs for this revision might contain more information.\n\nLogs URL: https://console.cloud.google.com/logs/viewer?project=neon-circle-400322&resource=cloud_run_revision/service_name/beaver-vector-instance-bvqs/revision_name/beaver-vector-instance-bvqs-00001-vph&advancedFilter=resource.type%3D%22cloud_run_revision%22%0Aresource.labels.service_name%3D%22beaver-vector-instance-bvqs%22%0Aresource.labels.revision_name%3D%22beaver-vector-instance-bvqs-00001-vph%22 \nFor more troubleshooting guidance, see https://cloud.google.com/run/docs/troubleshooting#container-failed-to-start\n"
[2025-04-23T20:43:38.288858000Z INFO cli::commands::deploy] =======New Deployment======
[2025-04-23T20:43:39.401213000Z INFO cli::lib::utilities] generating vector config...
[2025-04-23T20:43:39.401768000Z ERROR cli] PanicHookInfo { payload: Any { .. }, location: Location { file: "src/lib/utilities.rs", line: 44, col: 55 }, can_unwind: true, force_no_backtrace: false }
[2025-04-23T20:44:31.448894000Z INFO cli::commands::deploy] =======New Deployment======
[2025-04-23T20:44:32.349115000Z INFO cli::lib::utilities] generating vector config...
[2025-04-23T20:59:11.481488000Z INFO cli::commands::deploy] =======New Deployment======
[2025-04-23T20:59:12.289851000Z INFO cli::lib::sigma] converting sigma detections...
[2025-04-23T20:59:12.595798000Z INFO cli::lib::sigma] Generated a direction directory at /Users/dmitriyivkov/IdeaProjects/Beaver/src/conf/detections/output/gcp_access_policy_deleted
[2025-04-23T20:59:12.595894000Z INFO cli::lib::detections_gen] generating aggregated detections...
[2025-04-23T20:59:12.601606000Z INFO cli::lib::bq] creating bq...
[2025-04-23T20:59:14.942193000Z INFO cli::lib::bq] "Dataset 'neon-circle-400322:beaver_datalake_t171' successfully created.\n"
[2025-04-23T20:59:16.423551000Z INFO cli::lib::bq] "Table 'neon-circle-400322:beaver_datalake_t171.table1' successfully created.\n"
[2025-04-23T20:59:16.423580000Z INFO cli::lib::pubsub] creating pubsub...
[2025-04-23T20:59:19.335924000Z ERROR cli::lib::pubsub] "Created topic [projects/neon-circle-400322/topics/beaver_1etpxfslk].\n"
[2025-04-23T20:59:19.335969000Z INFO cli::lib::pubsub] ""
[2025-04-23T20:59:22.214860000Z ERROR cli::lib::pubsub] "Created subscription [projects/neon-circle-400322/subscriptions/beaver_zwlzy2287].\n"
[2025-04-23T20:59:22.214906000Z INFO cli::lib::pubsub] ""
[2025-04-23T20:59:26.571838000Z INFO cli::commands::deploy] =======New Deployment======
[2025-04-23T20:59:27.344222000Z INFO cli::lib::sigma] converting sigma detections...
[2025-04-23T20:59:27.472315000Z INFO cli::lib::sigma] Generated a direction directory at /Users/dmitriyivkov/IdeaProjects/Beaver/src/conf/detections/output/gcp_access_policy_deleted
[2025-04-23T20:59:27.472420000Z INFO cli::lib::detections_gen] generating aggregated detections...
[2025-04-23T20:59:27.477916000Z INFO cli::lib::bq] creating bq...
[2025-04-23T20:59:29.206800000Z INFO cli::lib::bq] "Dataset 'neon-circle-400322:beaver_datalake_s20c' successfully created.\n"
[2025-04-23T20:59:30.639779000Z INFO cli::lib::bq] "Table 'neon-circle-400322:beaver_datalake_s20c.table1' successfully created.\n"
[2025-04-23T20:59:30.639823000Z INFO cli::lib::pubsub] creating pubsub...
[2025-04-23T20:59:34.004267000Z ERROR cli::lib::pubsub] "Created topic [projects/neon-circle-400322/topics/beaver_tcylp02bh].\n"
[2025-04-23T20:59:34.004366000Z INFO cli::lib::pubsub] ""
[2025-04-23T20:59:36.945604000Z ERROR cli::lib::pubsub] "Created subscription [projects/neon-circle-400322/subscriptions/beaver_qrvmbvp0e].\n"
[2025-04-23T20:59:36.945647000Z INFO cli::lib::pubsub] ""
[2025-04-23T20:59:40.020821000Z ERROR cli::lib::pubsub] "Created subscription [projects/neon-circle-400322/subscriptions/beaver_sklf1ahks].\n"
[2025-04-23T20:59:40.020860000Z INFO cli::lib::pubsub] ""
[2025-04-23T20:59:40.020869000Z INFO cli::lib::gcs] creating bucket...
[2025-04-23T20:59:41.100117000Z ERROR cli::lib::gcs] "Creating gs://beaver_yqojlzk4b/...\n"
[2025-04-23T20:59:41.100162000Z INFO cli::lib::gcs] ""
[2025-04-23T20:59:41.100185000Z INFO cli::lib::utilities] generating vector config...
[2025-04-23T21:03:01.923055000Z INFO cli::commands::deploy] =======New Deployment======
[2025-04-23T21:03:02.767552000Z INFO cli::lib::sigma] converting sigma detections...
[2025-04-23T21:03:02.904468000Z INFO cli::lib::sigma] Generated a direction directory at /Users/dmitriyivkov/IdeaProjects/Beaver/src/conf/detections/output/gcp_access_policy_deleted
[2025-04-23T21:03:02.904575000Z INFO cli::lib::detections_gen] generating aggregated detections...
[2025-04-23T21:03:02.910286000Z INFO cli::lib::bq] creating bq...
[2025-04-23T21:03:04.763838000Z INFO cli::lib::bq] "Dataset 'neon-circle-400322:beaver_datalake_x8de' successfully created.\n"
[2025-04-23T21:03:06.342236000Z INFO cli::lib::bq] "Table 'neon-circle-400322:beaver_datalake_x8de.table1' successfully created.\n"
[2025-04-23T21:03:06.342270000Z INFO cli::lib::pubsub] creating pubsub...
[2025-04-23T21:03:10.757816000Z ERROR cli::lib::pubsub] "Created topic [projects/neon-circle-400322/topics/beaver_yq8em6tgg].\n"
[2025-04-23T21:03:10.757854000Z INFO cli::lib::pubsub] ""
[2025-04-23T21:03:13.481499000Z ERROR cli::lib::pubsub] "Created subscription [projects/neon-circle-400322/subscriptions/beaver_dpjoustw9].\n"
[2025-04-23T21:03:13.481545000Z INFO cli::lib::pubsub] ""
[2025-04-23T21:03:16.138785000Z ERROR cli::lib::pubsub] "Created subscription [projects/neon-circle-400322/subscriptions/beaver_e8szehg8p].\n"
[2025-04-23T21:03:16.138819000Z INFO cli::lib::pubsub] ""
[2025-04-23T21:03:16.138827000Z INFO cli::lib::gcs] creating bucket...
[2025-04-23T21:03:17.291627000Z ERROR cli::lib::gcs] "Creating gs://beaver_gosb2lmyz/...\n"
[2025-04-23T21:03:17.291662000Z INFO cli::lib::gcs] ""
[2025-04-23T21:03:17.291681000Z INFO cli::lib::utilities] generating vector config...
[2025-04-23T21:37:48.155974000Z INFO cli::commands::deploy] =======New Deployment======
[2025-04-23T21:37:49.249365000Z INFO cli::lib::sigma] converting sigma detections...
[2025-04-23T21:37:49.425851000Z INFO cli::lib::sigma] Generated a direction directory at /Users/dmitriyivkov/IdeaProjects/Beaver/src/conf/detections/output/gcp_access_policy_deleted
[2025-04-23T21:37:49.425937000Z INFO cli::lib::detections_gen] generating aggregated detections...
[2025-04-23T21:37:49.431525000Z INFO cli::lib::bq] creating bq...
[2025-04-23T21:37:51.035790000Z INFO cli::lib::bq] "Dataset 'neon-circle-400322:beaver_datalake_9i5h' successfully created.\n"
[2025-04-23T21:37:52.590190000Z INFO cli::lib::bq] "Table 'neon-circle-400322:beaver_datalake_9i5h.table1' successfully created.\n"
[2025-04-23T21:37:52.590231000Z INFO cli::lib::pubsub] creating pubsub...
[2025-04-23T21:37:55.376039000Z ERROR cli::lib::pubsub] "Created topic [projects/neon-circle-400322/topics/beaver_smysihcpw].\n"
[2025-04-23T21:37:55.376072000Z INFO cli::lib::pubsub] ""
[2025-04-23T21:37:58.324495000Z ERROR cli::lib::pubsub] "Created subscription [projects/neon-circle-400322/subscriptions/beaver_vzdep8ier].\n"
[2025-04-23T21:37:58.324734000Z INFO cli::lib::pubsub] ""
[2025-04-23T21:38:01.379961000Z ERROR cli::lib::pubsub] "Created subscription [projects/neon-circle-400322/subscriptions/beaver_9zs672nku].\n"
[2025-04-23T21:38:01.379980000Z INFO cli::lib::pubsub] ""
[2025-04-23T21:38:01.379986000Z INFO cli::lib::gcs] creating bucket...
[2025-04-23T21:38:02.556150000Z ERROR cli::lib::gcs] "Creating gs://beaver_zlrmp37in/...\n"
[2025-04-23T21:38:02.556193000Z INFO cli::lib::gcs] ""
[2025-04-23T21:38:02.556218000Z INFO cli::lib::utilities] generating vector config...
[2025-04-23T21:38:02.557937000Z INFO cli::lib::cloud_build] Building Docker image via Cloud Build...
[2025-04-23T21:39:08.889199000Z ERROR cli::lib::utilities] "Creating temporary archive of 2218 file(s) totalling 63.9 MiB before compression.\nUploading tarball of [src/conf/] to [gs://neon-circle-400322_cloudbuild/source/1745444282.83744-b66558ece3384b518d05d1d08cbf2db7.tgz]\nCreated [https://cloudbuild.googleapis.com/v1/projects/neon-circle-400322/locations/global/builds/90cf861d-8064-4cdb-86c8-0d186e4c0236].\nLogs are available at [ https://console.cloud.google.com/cloud-build/builds/90cf861d-8064-4cdb-86c8-0d186e4c0236?project=1054091574678 ].\nWaiting for build to complete. Polling interval: 1 second(s).\n"
[2025-04-23T21:41:09.773463000Z ERROR cli::lib::utilities] "Creating temporary archive of 2218 file(s) totalling 63.9 MiB before compression.\nUploading tarball of [src/conf/] to [gs://neon-circle-400322_cloudbuild/source/1745444349.292074-0311bc02e6dc42069def5ea9daad0401.tgz]\nCreated [https://cloudbuild.googleapis.com/v1/projects/neon-circle-400322/locations/global/builds/24b4c81c-54bd-4032-bf7a-879218124bbe].\nLogs are available at [ https://console.cloud.google.com/cloud-build/builds/24b4c81c-54bd-4032-bf7a-879218124bbe?project=1054091574678 ].\nWaiting for build to complete. Polling interval: 1 second(s).\n"
[2025-04-23T21:41:10.207146000Z ERROR cli::lib::utilities] "ERROR: (gcloud.builds.submit) Invalid value for [source]: Dockerfile required when specifying --tag\n"
